[2024-08-16 03:02:31,814: INFO: main: Logger object used in main.py file]
[2024-08-16 03:04:29,304: INFO: main: Logger object used in main.py file]
[2024-08-16 13:29:53,774: INFO: common: yaml file: config\config.yaml loaded successfully]
[2024-08-16 13:29:53,777: INFO: common: yaml file: params.yaml loaded successfully]
[2024-08-16 13:37:24,932: INFO: common: yaml file: C:\Users\anasm\OneDrive\Desktop\Image Processing\Kidney disease detection\config\config.yaml loaded successfully]
[2024-08-16 13:37:24,934: INFO: common: yaml file: params.yaml loaded successfully]
[2024-08-16 13:37:24,935: INFO: common: created directory at: a]
[2024-08-16 13:37:24,936: INFO: common: created directory at: r]
[2024-08-16 13:37:24,937: INFO: common: created directory at: t]
[2024-08-16 13:37:24,938: INFO: common: created directory at: i]
[2024-08-16 13:37:24,939: INFO: common: created directory at: f]
[2024-08-16 13:37:24,940: INFO: common: created directory at: a]
[2024-08-16 13:37:24,940: INFO: common: created directory at: c]
[2024-08-16 13:37:24,940: INFO: common: created directory at: t]
[2024-08-16 13:37:24,941: INFO: common: created directory at: s]
[2024-08-16 13:48:53,920: INFO: common: yaml file: C:\Users\anasm\OneDrive\Desktop\Image Processing\Kidney disease detection\config\config.yaml loaded successfully]
[2024-08-16 13:48:53,922: INFO: common: yaml file: params.yaml loaded successfully]
[2024-08-16 13:49:26,761: INFO: common: yaml file: C:\Users\anasm\OneDrive\Desktop\Image Processing\Kidney disease detection\config\config.yaml loaded successfully]
[2024-08-16 13:49:26,762: INFO: common: yaml file: params.yaml loaded successfully]
[2024-08-16 13:52:04,405: INFO: common: yaml file: C:\Users\anasm\OneDrive\Desktop\Image Processing\Kidney disease detection\config\config.yaml loaded successfully]
[2024-08-16 13:52:04,406: INFO: common: yaml file: params.yaml loaded successfully]
[2024-08-16 13:54:52,648: INFO: common: yaml file: C:\Users\anasm\OneDrive\Desktop\Image Processing\Kidney disease detection\config\config.yaml loaded successfully]
[2024-08-16 13:54:52,649: INFO: common: yaml file: params.yaml loaded successfully]
[2024-08-16 13:55:59,636: INFO: common: yaml file: C:\Users\anasm\OneDrive\Desktop\Image Processing\Kidney disease detection\config\config.yaml loaded successfully]
[2024-08-16 13:56:18,036: INFO: common: yaml file: C:\Users\anasm\OneDrive\Desktop\Image Processing\Kidney disease detection\config\config.yaml loaded successfully]
[2024-08-16 13:56:18,037: INFO: common: yaml file: params.yaml loaded successfully]
[2024-08-16 14:06:29,206: INFO: common: yaml file: C:\Users\anasm\OneDrive\Desktop\Image Processing\Kidney disease detection\config\config.yaml loaded successfully]
[2024-08-16 14:06:29,208: INFO: common: yaml file: params.yaml loaded successfully]
[2024-08-16 14:06:29,447: WARNING: saving_api: You are saving your model as an HDF5 file via `model.save()` or `keras.saving.save_model(model)`. This file format is considered legacy. We recommend using instead the native Keras format, e.g. `model.save('my_model.keras')` or `keras.saving.save_model(model, 'my_model.keras')`. ]
[2024-08-16 14:06:46,009: INFO: common: yaml file: C:\Users\anasm\OneDrive\Desktop\Image Processing\Kidney disease detection\config\config.yaml loaded successfully]
[2024-08-16 14:08:33,494: INFO: common: yaml file: C:\Users\anasm\OneDrive\Desktop\Image Processing\Kidney disease detection\config\config.yaml loaded successfully]
[2024-08-16 14:08:45,329: INFO: common: yaml file: C:\Users\anasm\OneDrive\Desktop\Image Processing\Kidney disease detection\config\config.yaml loaded successfully]
[2024-08-16 14:08:45,330: INFO: common: yaml file: C:\Users\anasm\OneDrive\Desktop\Image Processing\Kidney disease detection\params.yaml loaded successfully]
[2024-08-16 14:08:45,576: WARNING: saving_api: You are saving your model as an HDF5 file via `model.save()` or `keras.saving.save_model(model)`. This file format is considered legacy. We recommend using instead the native Keras format, e.g. `model.save('my_model.keras')` or `keras.saving.save_model(model, 'my_model.keras')`. ]
[2024-08-16 14:14:51,652: INFO: common: yaml file: C:\Users\anasm\OneDrive\Desktop\Image Processing\Kidney disease detection\config\config.yaml loaded successfully]
[2024-08-16 14:14:51,653: INFO: common: yaml file: C:\Users\anasm\OneDrive\Desktop\Image Processing\Kidney disease detection\params.yaml loaded successfully]
[2024-08-16 14:17:28,567: WARNING: saving_api: You are saving your model as an HDF5 file via `model.save()` or `keras.saving.save_model(model)`. This file format is considered legacy. We recommend using instead the native Keras format, e.g. `model.save('my_model.keras')` or `keras.saving.save_model(model, 'my_model.keras')`. ]
[2024-08-16 14:19:04,124: INFO: common: yaml file: C:\Users\anasm\OneDrive\Desktop\Image Processing\Kidney disease detection\config\config.yaml loaded successfully]
[2024-08-16 14:19:04,125: INFO: common: yaml file: C:\Users\anasm\OneDrive\Desktop\Image Processing\Kidney disease detection\params.yaml loaded successfully]
[2024-08-16 14:19:04,354: WARNING: saving_api: You are saving your model as an HDF5 file via `model.save()` or `keras.saving.save_model(model)`. This file format is considered legacy. We recommend using instead the native Keras format, e.g. `model.save('my_model.keras')` or `keras.saving.save_model(model, 'my_model.keras')`. ]
[2024-08-16 14:19:04,424: WARNING: saving_api: You are saving your model as an HDF5 file via `model.save()` or `keras.saving.save_model(model)`. This file format is considered legacy. We recommend using instead the native Keras format, e.g. `model.save('my_model.keras')` or `keras.saving.save_model(model, 'my_model.keras')`. ]
[2024-08-16 14:19:39,207: INFO: common: yaml file: C:\Users\anasm\OneDrive\Desktop\Image Processing\Kidney disease detection\config\config.yaml loaded successfully]
[2024-08-16 14:19:39,209: INFO: common: yaml file: C:\Users\anasm\OneDrive\Desktop\Image Processing\Kidney disease detection\params.yaml loaded successfully]
[2024-08-16 14:19:39,470: WARNING: saving_api: You are saving your model as an HDF5 file via `model.save()` or `keras.saving.save_model(model)`. This file format is considered legacy. We recommend using instead the native Keras format, e.g. `model.save('my_model.keras')` or `keras.saving.save_model(model, 'my_model.keras')`. ]
[2024-08-16 14:19:39,557: WARNING: saving_api: You are saving your model as an HDF5 file via `model.save()` or `keras.saving.save_model(model)`. This file format is considered legacy. We recommend using instead the native Keras format, e.g. `model.save('my_model.keras')` or `keras.saving.save_model(model, 'my_model.keras')`. ]
[2024-08-16 17:30:25,105: INFO: common: yaml file: C:\Users\anasm\OneDrive\Desktop\Image Processing\Kidney disease detection\config\config.yaml loaded successfully]
[2024-08-16 17:30:25,107: INFO: common: yaml file: C:\Users\anasm\OneDrive\Desktop\Image Processing\Kidney disease detection\params.yaml loaded successfully]
[2024-08-16 17:32:15,775: INFO: common: yaml file: C:\Users\anasm\OneDrive\Desktop\Image Processing\Kidney disease detection\config\config.yaml loaded successfully]
[2024-08-16 17:32:15,777: INFO: common: yaml file: C:\Users\anasm\OneDrive\Desktop\Image Processing\Kidney disease detection\params.yaml loaded successfully]
[2024-08-16 17:33:26,483: INFO: common: yaml file: C:\Users\anasm\OneDrive\Desktop\Image Processing\Kidney disease detection\config\config.yaml loaded successfully]
[2024-08-16 17:33:26,484: INFO: common: yaml file: C:\Users\anasm\OneDrive\Desktop\Image Processing\Kidney disease detection\params.yaml loaded successfully]
[2024-08-16 17:35:29,085: INFO: common: yaml file: C:\Users\anasm\OneDrive\Desktop\Image Processing\Kidney disease detection\config\config.yaml loaded successfully]
[2024-08-16 17:35:29,092: INFO: common: yaml file: C:\Users\anasm\OneDrive\Desktop\Image Processing\Kidney disease detection\params.yaml loaded successfully]
[2024-08-16 17:36:17,060: INFO: common: yaml file: C:\Users\anasm\OneDrive\Desktop\Image Processing\Kidney disease detection\config\config.yaml loaded successfully]
[2024-08-16 17:36:17,062: INFO: common: yaml file: C:\Users\anasm\OneDrive\Desktop\Image Processing\Kidney disease detection\params.yaml loaded successfully]
[2024-08-16 17:36:17,431: WARNING: saving_api: You are saving your model as an HDF5 file via `model.save()` or `keras.saving.save_model(model)`. This file format is considered legacy. We recommend using instead the native Keras format, e.g. `model.save('my_model.keras')` or `keras.saving.save_model(model, 'my_model.keras')`. ]
[2024-08-16 17:36:17,566: WARNING: saving_api: You are saving your model as an HDF5 file via `model.save()` or `keras.saving.save_model(model)`. This file format is considered legacy. We recommend using instead the native Keras format, e.g. `model.save('my_model.keras')` or `keras.saving.save_model(model, 'my_model.keras')`. ]
[2024-08-16 17:38:52,955: INFO: common: yaml file: C:\Users\anasm\OneDrive\Desktop\Image Processing\Kidney disease detection\config\config.yaml loaded successfully]
[2024-08-16 17:38:52,956: INFO: common: yaml file: C:\Users\anasm\OneDrive\Desktop\Image Processing\Kidney disease detection\params.yaml loaded successfully]
[2024-08-16 17:42:32,017: INFO: common: yaml file: C:\Users\anasm\OneDrive\Desktop\Image Processing\Kidney disease detection\config\config.yaml loaded successfully]
[2024-08-16 17:42:32,019: INFO: common: yaml file: C:\Users\anasm\OneDrive\Desktop\Image Processing\Kidney disease detection\params.yaml loaded successfully]
[2024-08-16 17:42:58,960: INFO: common: yaml file: C:\Users\anasm\OneDrive\Desktop\Image Processing\Kidney disease detection\config\config.yaml loaded successfully]
[2024-08-16 17:42:58,961: INFO: common: yaml file: C:\Users\anasm\OneDrive\Desktop\Image Processing\Kidney disease detection\params.yaml loaded successfully]
[2024-08-16 17:47:32,419: INFO: common: yaml file: C:\Users\anasm\OneDrive\Desktop\Image Processing\Kidney disease detection\config\config.yaml loaded successfully]
[2024-08-16 17:47:32,420: INFO: common: yaml file: C:\Users\anasm\OneDrive\Desktop\Image Processing\Kidney disease detection\params.yaml loaded successfully]
[2024-08-16 18:19:59,308: INFO: common: yaml file: C:\Users\anasm\OneDrive\Desktop\Image Processing\Kidney disease detection\config\config.yaml loaded successfully]
[2024-08-16 18:19:59,309: INFO: common: yaml file: C:\Users\anasm\OneDrive\Desktop\Image Processing\Kidney disease detection\params.yaml loaded successfully]
[2024-08-16 18:19:59,613: WARNING: saving_api: You are saving your model as an HDF5 file via `model.save()` or `keras.saving.save_model(model)`. This file format is considered legacy. We recommend using instead the native Keras format, e.g. `model.save('my_model.keras')` or `keras.saving.save_model(model, 'my_model.keras')`. ]
[2024-08-16 18:19:59,693: WARNING: saving_api: You are saving your model as an HDF5 file via `model.save()` or `keras.saving.save_model(model)`. This file format is considered legacy. We recommend using instead the native Keras format, e.g. `model.save('my_model.keras')` or `keras.saving.save_model(model, 'my_model.keras')`. ]
[2024-08-16 18:19:59,758: INFO: main: model has been created]
[2024-08-16 18:20:10,198: INFO: common: yaml file: C:\Users\anasm\OneDrive\Desktop\Image Processing\Kidney disease detection\config\config.yaml loaded successfully]
[2024-08-16 18:20:10,199: INFO: common: yaml file: C:\Users\anasm\OneDrive\Desktop\Image Processing\Kidney disease detection\params.yaml loaded successfully]
[2024-08-16 18:20:10,506: WARNING: saving_api: You are saving your model as an HDF5 file via `model.save()` or `keras.saving.save_model(model)`. This file format is considered legacy. We recommend using instead the native Keras format, e.g. `model.save('my_model.keras')` or `keras.saving.save_model(model, 'my_model.keras')`. ]
[2024-08-16 18:20:10,583: WARNING: saving_api: You are saving your model as an HDF5 file via `model.save()` or `keras.saving.save_model(model)`. This file format is considered legacy. We recommend using instead the native Keras format, e.g. `model.save('my_model.keras')` or `keras.saving.save_model(model, 'my_model.keras')`. ]
[2024-08-16 18:20:10,639: INFO: main: model has been created]
[2024-08-16 19:08:09,742: INFO: common: yaml file: C:\Users\anasm\OneDrive\Desktop\Image Processing\Kidney disease detection\config\config.yaml loaded successfully]
[2024-08-16 19:08:09,743: INFO: common: yaml file: C:\Users\anasm\OneDrive\Desktop\Image Processing\Kidney disease detection\params.yaml loaded successfully]
[2024-08-16 19:08:42,654: INFO: common: yaml file: C:\Users\anasm\OneDrive\Desktop\Image Processing\Kidney disease detection\config\config.yaml loaded successfully]
[2024-08-16 19:08:42,656: INFO: common: yaml file: C:\Users\anasm\OneDrive\Desktop\Image Processing\Kidney disease detection\params.yaml loaded successfully]
[2024-08-16 20:02:25,659: INFO: common: yaml file: C:\Users\anasm\OneDrive\Desktop\Image Processing\Kidney disease detection\config\config.yaml loaded successfully]
[2024-08-16 20:02:25,660: INFO: common: yaml file: C:\Users\anasm\OneDrive\Desktop\Image Processing\Kidney disease detection\params.yaml loaded successfully]
[2024-08-16 20:03:12,430: WARNING: saving_utils: Compiled the loaded model, but the compiled metrics have yet to be built. `model.compile_metrics` will be empty until you train or evaluate the model.]
[2024-08-16 23:58:55,466: INFO: common: yaml file: C:\Users\anasm\OneDrive\Desktop\Image Processing\Kidney disease detection\config\config.yaml loaded successfully]
[2024-08-16 23:58:55,467: INFO: common: yaml file: C:\Users\anasm\OneDrive\Desktop\Image Processing\Kidney disease detection\params.yaml loaded successfully]
[2024-08-16 23:59:54,703: WARNING: saving_utils: Compiled the loaded model, but the compiled metrics have yet to be built. `model.compile_metrics` will be empty until you train or evaluate the model.]
[2024-08-17 00:25:20,039: INFO: common: yaml file: C:\Users\anasm\OneDrive\Desktop\Image Processing\Kidney disease detection\config\config.yaml loaded successfully]
[2024-08-17 00:25:20,041: INFO: common: yaml file: C:\Users\anasm\OneDrive\Desktop\Image Processing\Kidney disease detection\params.yaml loaded successfully]
[2024-08-17 00:26:17,619: INFO: common: yaml file: C:\Users\anasm\OneDrive\Desktop\Image Processing\Kidney disease detection\config\config.yaml loaded successfully]
[2024-08-17 00:26:17,621: INFO: common: yaml file: C:\Users\anasm\OneDrive\Desktop\Image Processing\Kidney disease detection\params.yaml loaded successfully]
[2024-08-17 00:26:17,890: WARNING: saving_utils: Compiled the loaded model, but the compiled metrics have yet to be built. `model.compile_metrics` will be empty until you train or evaluate the model.]
[2024-08-17 00:34:10,140: INFO: common: yaml file: C:\Users\anasm\OneDrive\Desktop\Image Processing\Kidney disease detection\config\config.yaml loaded successfully]
[2024-08-17 00:34:10,141: INFO: common: yaml file: C:\Users\anasm\OneDrive\Desktop\Image Processing\Kidney disease detection\params.yaml loaded successfully]
[2024-08-17 00:34:10,420: WARNING: saving_utils: Compiled the loaded model, but the compiled metrics have yet to be built. `model.compile_metrics` will be empty until you train or evaluate the model.]
[2024-08-17 00:37:43,715: INFO: common: yaml file: C:\Users\anasm\OneDrive\Desktop\Image Processing\Kidney disease detection\config\config.yaml loaded successfully]
[2024-08-17 00:37:43,718: INFO: common: yaml file: C:\Users\anasm\OneDrive\Desktop\Image Processing\Kidney disease detection\params.yaml loaded successfully]
[2024-08-17 00:37:44,066: WARNING: saving_utils: Compiled the loaded model, but the compiled metrics have yet to be built. `model.compile_metrics` will be empty until you train or evaluate the model.]
[2024-08-17 00:42:15,430: INFO: common: yaml file: C:\Users\anasm\OneDrive\Desktop\Image Processing\Kidney disease detection\config\config.yaml loaded successfully]
[2024-08-17 00:42:15,431: INFO: common: yaml file: C:\Users\anasm\OneDrive\Desktop\Image Processing\Kidney disease detection\params.yaml loaded successfully]
[2024-08-17 00:42:37,908: INFO: common: yaml file: C:\Users\anasm\OneDrive\Desktop\Image Processing\Kidney disease detection\config\config.yaml loaded successfully]
[2024-08-17 00:42:37,910: INFO: common: yaml file: C:\Users\anasm\OneDrive\Desktop\Image Processing\Kidney disease detection\params.yaml loaded successfully]
[2024-08-17 00:42:38,130: WARNING: saving_utils: Compiled the loaded model, but the compiled metrics have yet to be built. `model.compile_metrics` will be empty until you train or evaluate the model.]
[2024-08-17 00:44:20,639: INFO: common: yaml file: C:\Users\anasm\OneDrive\Desktop\Image Processing\Kidney disease detection\config\config.yaml loaded successfully]
[2024-08-17 00:44:20,642: INFO: common: yaml file: C:\Users\anasm\OneDrive\Desktop\Image Processing\Kidney disease detection\params.yaml loaded successfully]
[2024-08-17 00:44:20,890: WARNING: saving_utils: Compiled the loaded model, but the compiled metrics have yet to be built. `model.compile_metrics` will be empty until you train or evaluate the model.]
[2024-08-17 00:56:21,164: INFO: common: yaml file: C:\Users\anasm\OneDrive\Desktop\Image Processing\Kidney disease detection\config\config.yaml loaded successfully]
[2024-08-17 00:56:21,165: INFO: common: yaml file: C:\Users\anasm\OneDrive\Desktop\Image Processing\Kidney disease detection\params.yaml loaded successfully]
[2024-08-17 00:56:21,406: WARNING: saving_utils: Compiled the loaded model, but the compiled metrics have yet to be built. `model.compile_metrics` will be empty until you train or evaluate the model.]
[2024-08-17 01:15:02,718: INFO: common: yaml file: C:\Users\anasm\OneDrive\Desktop\Image Processing\Kidney disease detection\config\config.yaml loaded successfully]
[2024-08-17 01:15:02,720: INFO: common: yaml file: C:\Users\anasm\OneDrive\Desktop\Image Processing\Kidney disease detection\params.yaml loaded successfully]
[2024-08-17 01:15:24,053: INFO: common: yaml file: C:\Users\anasm\OneDrive\Desktop\Image Processing\Kidney disease detection\config\config.yaml loaded successfully]
[2024-08-17 01:15:24,054: INFO: common: yaml file: C:\Users\anasm\OneDrive\Desktop\Image Processing\Kidney disease detection\params.yaml loaded successfully]
[2024-08-17 01:15:43,770: WARNING: saving_utils: Compiled the loaded model, but the compiled metrics have yet to be built. `model.compile_metrics` will be empty until you train or evaluate the model.]
[2024-08-17 01:38:25,086: INFO: common: yaml file: C:\Users\anasm\OneDrive\Desktop\Image Processing\Kidney disease detection\config\config.yaml loaded successfully]
[2024-08-17 01:38:25,087: INFO: common: yaml file: C:\Users\anasm\OneDrive\Desktop\Image Processing\Kidney disease detection\params.yaml loaded successfully]
[2024-08-17 01:38:25,312: WARNING: saving_api: You are saving your model as an HDF5 file via `model.save()` or `keras.saving.save_model(model)`. This file format is considered legacy. We recommend using instead the native Keras format, e.g. `model.save('my_model.keras')` or `keras.saving.save_model(model, 'my_model.keras')`. ]
[2024-08-17 01:38:25,375: WARNING: saving_api: You are saving your model as an HDF5 file via `model.save()` or `keras.saving.save_model(model)`. This file format is considered legacy. We recommend using instead the native Keras format, e.g. `model.save('my_model.keras')` or `keras.saving.save_model(model, 'my_model.keras')`. ]
[2024-08-17 01:38:25,421: INFO: main: model has been created]
[2024-08-17 01:38:25,422: INFO: common: yaml file: C:\Users\anasm\OneDrive\Desktop\Image Processing\Kidney disease detection\config\config.yaml loaded successfully]
[2024-08-17 01:38:25,423: INFO: common: yaml file: C:\Users\anasm\OneDrive\Desktop\Image Processing\Kidney disease detection\params.yaml loaded successfully]
[2024-08-17 01:39:33,066: INFO: common: yaml file: C:\Users\anasm\OneDrive\Desktop\Image Processing\Kidney disease detection\config\config.yaml loaded successfully]
[2024-08-17 01:39:33,068: INFO: common: yaml file: C:\Users\anasm\OneDrive\Desktop\Image Processing\Kidney disease detection\params.yaml loaded successfully]
[2024-08-17 01:39:33,282: WARNING: saving_api: You are saving your model as an HDF5 file via `model.save()` or `keras.saving.save_model(model)`. This file format is considered legacy. We recommend using instead the native Keras format, e.g. `model.save('my_model.keras')` or `keras.saving.save_model(model, 'my_model.keras')`. ]
[2024-08-17 01:39:33,338: WARNING: saving_api: You are saving your model as an HDF5 file via `model.save()` or `keras.saving.save_model(model)`. This file format is considered legacy. We recommend using instead the native Keras format, e.g. `model.save('my_model.keras')` or `keras.saving.save_model(model, 'my_model.keras')`. ]
[2024-08-17 01:39:33,379: INFO: main: model has been created]
[2024-08-17 01:39:33,380: INFO: common: yaml file: C:\Users\anasm\OneDrive\Desktop\Image Processing\Kidney disease detection\config\config.yaml loaded successfully]
[2024-08-17 01:39:33,381: INFO: common: yaml file: C:\Users\anasm\OneDrive\Desktop\Image Processing\Kidney disease detection\params.yaml loaded successfully]
[2024-08-17 01:39:33,466: WARNING: saving_utils: Compiled the loaded model, but the compiled metrics have yet to be built. `model.compile_metrics` will be empty until you train or evaluate the model.]
[2024-08-17 02:52:26,363: INFO: common: yaml file: C:\Users\anasm\OneDrive\Desktop\Image Processing\Kidney disease detection\config\config.yaml loaded successfully]
[2024-08-17 02:52:26,365: INFO: common: yaml file: C:\Users\anasm\OneDrive\Desktop\Image Processing\Kidney disease detection\params.yaml loaded successfully]
[2024-08-17 02:52:26,699: WARNING: saving_api: You are saving your model as an HDF5 file via `model.save()` or `keras.saving.save_model(model)`. This file format is considered legacy. We recommend using instead the native Keras format, e.g. `model.save('my_model.keras')` or `keras.saving.save_model(model, 'my_model.keras')`. ]
[2024-08-17 02:52:26,801: WARNING: saving_api: You are saving your model as an HDF5 file via `model.save()` or `keras.saving.save_model(model)`. This file format is considered legacy. We recommend using instead the native Keras format, e.g. `model.save('my_model.keras')` or `keras.saving.save_model(model, 'my_model.keras')`. ]
[2024-08-17 02:52:26,863: INFO: main: model has been created]
[2024-08-17 02:52:26,864: INFO: common: yaml file: C:\Users\anasm\OneDrive\Desktop\Image Processing\Kidney disease detection\config\config.yaml loaded successfully]
[2024-08-17 02:52:26,866: INFO: common: yaml file: C:\Users\anasm\OneDrive\Desktop\Image Processing\Kidney disease detection\params.yaml loaded successfully]
[2024-08-17 02:52:27,001: WARNING: saving_utils: Compiled the loaded model, but the compiled metrics have yet to be built. `model.compile_metrics` will be empty until you train or evaluate the model.]
[2024-08-17 03:31:00,554: INFO: common: yaml file: C:\Users\anasm\OneDrive\Desktop\Image Processing\Kidney disease detection\config\config.yaml loaded successfully]
[2024-08-17 03:31:00,556: INFO: common: yaml file: C:\Users\anasm\OneDrive\Desktop\Image Processing\Kidney disease detection\params.yaml loaded successfully]
[2024-08-17 03:31:00,860: WARNING: saving_api: You are saving your model as an HDF5 file via `model.save()` or `keras.saving.save_model(model)`. This file format is considered legacy. We recommend using instead the native Keras format, e.g. `model.save('my_model.keras')` or `keras.saving.save_model(model, 'my_model.keras')`. ]
[2024-08-17 03:31:00,937: WARNING: saving_api: You are saving your model as an HDF5 file via `model.save()` or `keras.saving.save_model(model)`. This file format is considered legacy. We recommend using instead the native Keras format, e.g. `model.save('my_model.keras')` or `keras.saving.save_model(model, 'my_model.keras')`. ]
[2024-08-17 03:31:00,996: INFO: main: model has been created]
[2024-08-17 03:31:00,998: INFO: common: yaml file: C:\Users\anasm\OneDrive\Desktop\Image Processing\Kidney disease detection\config\config.yaml loaded successfully]
[2024-08-17 03:31:00,999: INFO: common: yaml file: C:\Users\anasm\OneDrive\Desktop\Image Processing\Kidney disease detection\params.yaml loaded successfully]
[2024-08-17 03:31:01,121: WARNING: saving_utils: Compiled the loaded model, but the compiled metrics have yet to be built. `model.compile_metrics` will be empty until you train or evaluate the model.]
[2024-08-17 03:35:24,741: INFO: common: yaml file: C:\Users\anasm\OneDrive\Desktop\Image Processing\Kidney disease detection\config\config.yaml loaded successfully]
[2024-08-17 03:35:24,742: INFO: common: yaml file: C:\Users\anasm\OneDrive\Desktop\Image Processing\Kidney disease detection\params.yaml loaded successfully]
[2024-08-17 03:35:25,050: WARNING: saving_api: You are saving your model as an HDF5 file via `model.save()` or `keras.saving.save_model(model)`. This file format is considered legacy. We recommend using instead the native Keras format, e.g. `model.save('my_model.keras')` or `keras.saving.save_model(model, 'my_model.keras')`. ]
[2024-08-17 03:35:25,129: WARNING: saving_api: You are saving your model as an HDF5 file via `model.save()` or `keras.saving.save_model(model)`. This file format is considered legacy. We recommend using instead the native Keras format, e.g. `model.save('my_model.keras')` or `keras.saving.save_model(model, 'my_model.keras')`. ]
[2024-08-17 03:35:25,190: INFO: main: model has been created]
[2024-08-17 03:35:25,192: INFO: common: yaml file: C:\Users\anasm\OneDrive\Desktop\Image Processing\Kidney disease detection\config\config.yaml loaded successfully]
[2024-08-17 03:35:25,193: INFO: common: yaml file: C:\Users\anasm\OneDrive\Desktop\Image Processing\Kidney disease detection\params.yaml loaded successfully]
[2024-08-17 03:35:25,310: WARNING: saving_utils: Compiled the loaded model, but the compiled metrics have yet to be built. `model.compile_metrics` will be empty until you train or evaluate the model.]
[2024-08-17 09:18:24,927: WARNING: saving_api: You are saving your model as an HDF5 file via `model.save()` or `keras.saving.save_model(model)`. This file format is considered legacy. We recommend using instead the native Keras format, e.g. `model.save('my_model.keras')` or `keras.saving.save_model(model, 'my_model.keras')`. ]
[2024-08-17 09:18:25,048: INFO: main: model has been trained]
[2024-08-17 13:24:42,481: INFO: common: yaml file: C:\Users\anasm\OneDrive\Desktop\Image Processing\Kidney disease detection\config\config.yaml loaded successfully]
[2024-08-17 13:25:50,125: WARNING: saving_utils: Compiled the loaded model, but the compiled metrics have yet to be built. `model.compile_metrics` will be empty until you train or evaluate the model.]
[2024-08-17 14:18:03,590: INFO: common: yaml file: C:\Users\anasm\OneDrive\Desktop\Image Processing\Kidney disease detection\config\config.yaml loaded successfully]
[2024-08-17 14:24:00,535: WARNING: saving_utils: Compiled the loaded model, but the compiled metrics have yet to be built. `model.compile_metrics` will be empty until you train or evaluate the model.]
[2024-08-17 14:24:08,725: WARNING: saving_utils: Compiled the loaded model, but the compiled metrics have yet to be built. `model.compile_metrics` will be empty until you train or evaluate the model.]
[2024-08-17 14:24:34,166: WARNING: saving_utils: Compiled the loaded model, but the compiled metrics have yet to be built. `model.compile_metrics` will be empty until you train or evaluate the model.]
[2024-08-17 14:27:35,147: WARNING: saving_utils: Compiled the loaded model, but the compiled metrics have yet to be built. `model.compile_metrics` will be empty until you train or evaluate the model.]
[2024-08-17 14:29:51,294: WARNING: saving_utils: Compiled the loaded model, but the compiled metrics have yet to be built. `model.compile_metrics` will be empty until you train or evaluate the model.]
[2024-08-17 14:31:17,345: WARNING: saving_utils: Compiled the loaded model, but the compiled metrics have yet to be built. `model.compile_metrics` will be empty until you train or evaluate the model.]
[2024-08-17 14:33:10,317: WARNING: saving_utils: Compiled the loaded model, but the compiled metrics have yet to be built. `model.compile_metrics` will be empty until you train or evaluate the model.]
[2024-08-17 14:40:24,428: INFO: common: yaml file: C:\Users\anasm\OneDrive\Desktop\Image Processing\Kidney disease detection\config\config.yaml loaded successfully]
[2024-08-17 14:40:24,430: INFO: common: yaml file: C:\Users\anasm\OneDrive\Desktop\Image Processing\Kidney disease detection\params.yaml loaded successfully]
[2024-08-17 14:40:24,751: WARNING: saving_api: You are saving your model as an HDF5 file via `model.save()` or `keras.saving.save_model(model)`. This file format is considered legacy. We recommend using instead the native Keras format, e.g. `model.save('my_model.keras')` or `keras.saving.save_model(model, 'my_model.keras')`. ]
[2024-08-17 14:40:24,834: WARNING: saving_api: You are saving your model as an HDF5 file via `model.save()` or `keras.saving.save_model(model)`. This file format is considered legacy. We recommend using instead the native Keras format, e.g. `model.save('my_model.keras')` or `keras.saving.save_model(model, 'my_model.keras')`. ]
[2024-08-17 14:40:24,893: INFO: main: model has been created]
[2024-08-17 14:41:29,997: INFO: common: yaml file: C:\Users\anasm\OneDrive\Desktop\Image Processing\Kidney disease detection\config\config.yaml loaded successfully]
[2024-08-17 14:41:29,998: INFO: common: yaml file: C:\Users\anasm\OneDrive\Desktop\Image Processing\Kidney disease detection\params.yaml loaded successfully]
[2024-08-17 14:41:30,303: WARNING: saving_api: You are saving your model as an HDF5 file via `model.save()` or `keras.saving.save_model(model)`. This file format is considered legacy. We recommend using instead the native Keras format, e.g. `model.save('my_model.keras')` or `keras.saving.save_model(model, 'my_model.keras')`. ]
[2024-08-17 14:41:30,382: WARNING: saving_api: You are saving your model as an HDF5 file via `model.save()` or `keras.saving.save_model(model)`. This file format is considered legacy. We recommend using instead the native Keras format, e.g. `model.save('my_model.keras')` or `keras.saving.save_model(model, 'my_model.keras')`. ]
[2024-08-17 14:41:30,434: INFO: main: model has been created]
[2024-08-17 14:41:30,436: INFO: common: yaml file: C:\Users\anasm\OneDrive\Desktop\Image Processing\Kidney disease detection\config\config.yaml loaded successfully]
[2024-08-17 14:41:30,437: INFO: common: yaml file: C:\Users\anasm\OneDrive\Desktop\Image Processing\Kidney disease detection\params.yaml loaded successfully]
[2024-08-17 14:41:30,551: WARNING: saving_utils: Compiled the loaded model, but the compiled metrics have yet to be built. `model.compile_metrics` will be empty until you train or evaluate the model.]
[2024-08-17 14:48:08,909: INFO: common: yaml file: C:\Users\anasm\OneDrive\Desktop\Image Processing\Kidney disease detection\config\config.yaml loaded successfully]
[2024-08-17 14:48:08,910: INFO: common: yaml file: C:\Users\anasm\OneDrive\Desktop\Image Processing\Kidney disease detection\params.yaml loaded successfully]
[2024-08-17 14:48:09,206: WARNING: saving_api: You are saving your model as an HDF5 file via `model.save()` or `keras.saving.save_model(model)`. This file format is considered legacy. We recommend using instead the native Keras format, e.g. `model.save('my_model.keras')` or `keras.saving.save_model(model, 'my_model.keras')`. ]
[2024-08-17 14:48:09,280: WARNING: saving_api: You are saving your model as an HDF5 file via `model.save()` or `keras.saving.save_model(model)`. This file format is considered legacy. We recommend using instead the native Keras format, e.g. `model.save('my_model.keras')` or `keras.saving.save_model(model, 'my_model.keras')`. ]
[2024-08-17 14:48:09,334: INFO: main: model has been created]
[2024-08-17 14:48:09,336: INFO: common: yaml file: C:\Users\anasm\OneDrive\Desktop\Image Processing\Kidney disease detection\config\config.yaml loaded successfully]
[2024-08-17 14:48:09,337: INFO: common: yaml file: C:\Users\anasm\OneDrive\Desktop\Image Processing\Kidney disease detection\params.yaml loaded successfully]
[2024-08-17 14:48:09,454: WARNING: saving_utils: Compiled the loaded model, but the compiled metrics have yet to be built. `model.compile_metrics` will be empty until you train or evaluate the model.]
[2024-08-17 14:52:10,170: INFO: common: yaml file: C:\Users\anasm\OneDrive\Desktop\Image Processing\Kidney disease detection\config\config.yaml loaded successfully]
[2024-08-17 14:52:10,171: INFO: common: yaml file: C:\Users\anasm\OneDrive\Desktop\Image Processing\Kidney disease detection\params.yaml loaded successfully]
[2024-08-17 14:52:10,481: WARNING: saving_api: You are saving your model as an HDF5 file via `model.save()` or `keras.saving.save_model(model)`. This file format is considered legacy. We recommend using instead the native Keras format, e.g. `model.save('my_model.keras')` or `keras.saving.save_model(model, 'my_model.keras')`. ]
[2024-08-17 14:52:10,553: WARNING: saving_api: You are saving your model as an HDF5 file via `model.save()` or `keras.saving.save_model(model)`. This file format is considered legacy. We recommend using instead the native Keras format, e.g. `model.save('my_model.keras')` or `keras.saving.save_model(model, 'my_model.keras')`. ]
[2024-08-17 14:52:10,611: INFO: main: model has been created]
[2024-08-17 14:52:10,612: INFO: common: yaml file: C:\Users\anasm\OneDrive\Desktop\Image Processing\Kidney disease detection\config\config.yaml loaded successfully]
[2024-08-17 14:52:10,613: INFO: common: yaml file: C:\Users\anasm\OneDrive\Desktop\Image Processing\Kidney disease detection\params.yaml loaded successfully]
[2024-08-17 14:52:10,730: WARNING: saving_utils: Compiled the loaded model, but the compiled metrics have yet to be built. `model.compile_metrics` will be empty until you train or evaluate the model.]
[2024-08-17 21:45:08,131: WARNING: saving_api: You are saving your model as an HDF5 file via `model.save()` or `keras.saving.save_model(model)`. This file format is considered legacy. We recommend using instead the native Keras format, e.g. `model.save('my_model.keras')` or `keras.saving.save_model(model, 'my_model.keras')`. ]
[2024-08-17 21:45:08,258: INFO: main: model has been trained]
[2024-08-17 22:14:02,205: INFO: common: yaml file: C:\Users\anasm\OneDrive\Desktop\Image Processing\Kidney disease detection\config\config.yaml loaded successfully]
[2024-08-17 22:14:02,505: WARNING: saving_utils: Compiled the loaded model, but the compiled metrics have yet to be built. `model.compile_metrics` will be empty until you train or evaluate the model.]
[2024-08-17 22:16:03,488: INFO: common: yaml file: C:\Users\anasm\OneDrive\Desktop\Image Processing\Kidney disease detection\config\config.yaml loaded successfully]
[2024-08-17 22:16:03,690: WARNING: saving_utils: Compiled the loaded model, but the compiled metrics have yet to be built. `model.compile_metrics` will be empty until you train or evaluate the model.]
[2024-08-17 22:17:12,924: INFO: common: yaml file: C:\Users\anasm\OneDrive\Desktop\Image Processing\Kidney disease detection\config\config.yaml loaded successfully]
[2024-08-17 22:17:13,133: WARNING: saving_utils: Compiled the loaded model, but the compiled metrics have yet to be built. `model.compile_metrics` will be empty until you train or evaluate the model.]
[2024-08-17 23:56:35,698: INFO: common: yaml file: C:\Users\anasm\OneDrive\Desktop\Image Processing\Kidney disease detection\config\config.yaml loaded successfully]
[2024-08-17 23:56:36,047: WARNING: saving_utils: Compiled the loaded model, but the compiled metrics have yet to be built. `model.compile_metrics` will be empty until you train or evaluate the model.]
[2024-08-17 23:58:39,824: INFO: common: yaml file: C:\Users\anasm\OneDrive\Desktop\Image Processing\Kidney disease detection\config\config.yaml loaded successfully]
[2024-08-17 23:58:40,102: WARNING: saving_utils: Compiled the loaded model, but the compiled metrics have yet to be built. `model.compile_metrics` will be empty until you train or evaluate the model.]
[2024-08-18 00:30:19,635: INFO: common: yaml file: C:\Users\anasm\OneDrive\Desktop\Image Processing\Kidney disease detection\config\config.yaml loaded successfully]
[2024-08-18 00:30:19,896: WARNING: saving_utils: Compiled the loaded model, but the compiled metrics have yet to be built. `model.compile_metrics` will be empty until you train or evaluate the model.]
[2024-08-18 00:33:52,959: INFO: common: yaml file: C:\Users\anasm\OneDrive\Desktop\Image Processing\Kidney disease detection\config\config.yaml loaded successfully]
[2024-08-18 00:33:52,961: INFO: common: yaml file: C:\Users\anasm\OneDrive\Desktop\Image Processing\Kidney disease detection\params.yaml loaded successfully]
[2024-08-18 00:33:53,195: WARNING: saving_utils: Compiled the loaded model, but the compiled metrics have yet to be built. `model.compile_metrics` will be empty until you train or evaluate the model.]
[2024-08-18 00:34:54,098: INFO: common: yaml file: C:\Users\anasm\OneDrive\Desktop\Image Processing\Kidney disease detection\config\config.yaml loaded successfully]
[2024-08-18 00:34:54,099: INFO: common: yaml file: C:\Users\anasm\OneDrive\Desktop\Image Processing\Kidney disease detection\params.yaml loaded successfully]
[2024-08-18 00:34:54,306: WARNING: saving_utils: Compiled the loaded model, but the compiled metrics have yet to be built. `model.compile_metrics` will be empty until you train or evaluate the model.]
[2024-08-18 00:35:30,541: INFO: common: yaml file: C:\Users\anasm\OneDrive\Desktop\Image Processing\Kidney disease detection\config\config.yaml loaded successfully]
[2024-08-18 00:35:30,542: INFO: common: yaml file: C:\Users\anasm\OneDrive\Desktop\Image Processing\Kidney disease detection\params.yaml loaded successfully]
[2024-08-18 00:35:30,747: WARNING: saving_utils: Compiled the loaded model, but the compiled metrics have yet to be built. `model.compile_metrics` will be empty until you train or evaluate the model.]
